<?xml version="1.0" encoding="UTF-8"?>
<!-- Generated by org.testng.reporters.JUnitXMLReporter -->
<testsuite hostname="LAPTOP-PHUIS8K1" ignored="0" name="Default test" tests="11" failures="0" timestamp="07 Sep 2020 12:26:05 GMT" time="16.337" errors="0">
  <testcase name="@BeforeMethod run" time="12.355" classname="dataDrivenFramework.dataDrivenFramework.ContactUsFormTest">
    <failure type="org.openqa.selenium.NoSuchWindowException" message="no such window: target window already closed
from unknown error: web view not found
  (Session info: chrome=85.0.4183.83)
Build info: version: &amp;apos;3.14.0&amp;apos;, revision: &amp;apos;aacccce0&amp;apos;, time: &amp;apos;2018-08-02T20:19:58.91Z&amp;apos;
System info: host: &amp;apos;LAPTOP-PHUIS8K1&amp;apos;, ip: &amp;apos;192.168.15.26&amp;apos;, os.name: &amp;apos;Windows 10&amp;apos;, os.arch: &amp;apos;amd64&amp;apos;, os.version: &amp;apos;10.0&amp;apos;, java.version: &amp;apos;1.8.0_201&amp;apos;
Driver info: org.openqa.selenium.chrome.ChromeDriver
Capabilities {acceptInsecureCerts: false, browserName: chrome, browserVersion: 85.0.4183.83, chrome: {chromedriverVersion: 84.0.4147.30 (48b3e868b4cc0..., userDataDir: C:\Users\SANDEE~1\AppData\L...}, goog:chromeOptions: {debuggerAddress: localhost:63776}, javascriptEnabled: true, networkConnectionEnabled: false, pageLoadStrategy: normal, platform: WINDOWS, platformName: WINDOWS, proxy: Proxy(), setWindowRect: true, strictFileInteractability: false, timeouts: {implicit: 0, pageLoad: 300000, script: 30000}, unhandledPromptBehavior: dismiss and notify, webauthn:virtualAuthenticators: true}
Session ID: 5f09f33ebfb1f0c9ef48028130c92df4">
      <![CDATA[org.openqa.selenium.NoSuchWindowException: no such window: target window already closed
from unknown error: web view not found
  (Session info: chrome=85.0.4183.83)
Build info: version: '3.14.0', revision: 'aacccce0', time: '2018-08-02T20:19:58.91Z'
System info: host: 'LAPTOP-PHUIS8K1', ip: '192.168.15.26', os.name: 'Windows 10', os.arch: 'amd64', os.version: '10.0', java.version: '1.8.0_201'
Driver info: org.openqa.selenium.chrome.ChromeDriver
Capabilities {acceptInsecureCerts: false, browserName: chrome, browserVersion: 85.0.4183.83, chrome: {chromedriverVersion: 84.0.4147.30 (48b3e868b4cc0..., userDataDir: C:\Users\SANDEE~1\AppData\L...}, goog:chromeOptions: {debuggerAddress: localhost:63776}, javascriptEnabled: true, networkConnectionEnabled: false, pageLoadStrategy: normal, platform: WINDOWS, platformName: WINDOWS, proxy: Proxy(), setWindowRect: true, strictFileInteractability: false, timeouts: {implicit: 0, pageLoad: 300000, script: 30000}, unhandledPromptBehavior: dismiss and notify, webauthn:virtualAuthenticators: true}
Session ID: 5f09f33ebfb1f0c9ef48028130c92df4
	at sun.reflect.NativeConstructorAccessorImpl.newInstance0(Native Method)
	at sun.reflect.NativeConstructorAccessorImpl.newInstance(Unknown Source)
	at sun.reflect.DelegatingConstructorAccessorImpl.newInstance(Unknown Source)
	at java.lang.reflect.Constructor.newInstance(Unknown Source)
	at org.openqa.selenium.remote.http.W3CHttpResponseCodec.createException(W3CHttpResponseCodec.java:187)
	at org.openqa.selenium.remote.http.W3CHttpResponseCodec.decode(W3CHttpResponseCodec.java:122)
	at org.openqa.selenium.remote.http.W3CHttpResponseCodec.decode(W3CHttpResponseCodec.java:49)
	at org.openqa.selenium.remote.HttpCommandExecutor.execute(HttpCommandExecutor.java:158)
	at org.openqa.selenium.remote.service.DriverCommandExecutor.execute(DriverCommandExecutor.java:83)
	at org.openqa.selenium.remote.RemoteWebDriver.execute(RemoteWebDriver.java:548)
	at org.openqa.selenium.remote.RemoteWebDriver.execute(RemoteWebDriver.java:605)
	at org.openqa.selenium.remote.RemoteWebDriver$RemoteWebDriverOptions.deleteAllCookies(RemoteWebDriver.java:690)
	at dataDrivenFramework.dataDrivenFramework.ContactUsFormTest.run(ContactUsFormTest.java:24)
	at sun.reflect.NativeMethodAccessorImpl.invoke0(Native Method)
	at sun.reflect.NativeMethodAccessorImpl.invoke(Unknown Source)
	at sun.reflect.DelegatingMethodAccessorImpl.invoke(Unknown Source)
	at java.lang.reflect.Method.invoke(Unknown Source)
	at org.testng.internal.MethodInvocationHelper.invokeMethod(MethodInvocationHelper.java:108)
	at org.testng.internal.Invoker.invokeConfigurationMethod(Invoker.java:523)
	at org.testng.internal.Invoker.invokeConfigurations(Invoker.java:224)
	at org.testng.internal.Invoker.invokeMethod(Invoker.java:599)
	at org.testng.internal.Invoker.invokeTestMethod(Invoker.java:869)
	at org.testng.internal.Invoker.invokeTestMethods(Invoker.java:1193)
	at org.testng.internal.TestMethodWorker.invokeTestMethods(TestMethodWorker.java:126)
	at org.testng.internal.TestMethodWorker.run(TestMethodWorker.java:109)
	at org.testng.TestRunner.privateRun(TestRunner.java:744)
	at org.testng.TestRunner.run(TestRunner.java:602)
	at org.testng.SuiteRunner.runTest(SuiteRunner.java:380)
	at org.testng.SuiteRunner.runSequentially(SuiteRunner.java:375)
	at org.testng.SuiteRunner.privateRun(SuiteRunner.java:340)
	at org.testng.SuiteRunner.run(SuiteRunner.java:289)
	at org.testng.SuiteRunnerWorker.runSuite(SuiteRunnerWorker.java:52)
	at org.testng.SuiteRunnerWorker.run(SuiteRunnerWorker.java:86)
	at org.testng.TestNG.runSuitesSequentially(TestNG.java:1301)
	at org.testng.TestNG.runSuitesLocally(TestNG.java:1226)
	at org.testng.TestNG.runSuites(TestNG.java:1144)
	at org.testng.TestNG.run(TestNG.java:1115)
	at org.testng.remote.AbstractRemoteTestNG.run(AbstractRemoteTestNG.java:115)
	at org.testng.remote.RemoteTestNG.initAndRun(RemoteTestNG.java:251)
	at org.testng.remote.RemoteTestNG.main(RemoteTestNG.java:77)
]]>
    </failure>
  </testcase> <!-- @BeforeMethod run -->
  <testcase name="@BeforeMethod run" time="0.0" classname="dataDrivenFramework.dataDrivenFramework.ContactUsFormTest">
    <skipped/>
  </testcase> <!-- @BeforeMethod run -->
  <testcase name="@BeforeMethod run" time="0.0" classname="dataDrivenFramework.dataDrivenFramework.ContactUsFormTest">
    <skipped/>
  </testcase> <!-- @BeforeMethod run -->
  <testcase name="@BeforeMethod run" time="0.0" classname="dataDrivenFramework.dataDrivenFramework.ContactUsFormTest">
    <skipped/>
  </testcase> <!-- @BeforeMethod run -->
  <testcase name="@BeforeMethod run" time="0.0" classname="dataDrivenFramework.dataDrivenFramework.ContactUsFormTest">
    <skipped/>
  </testcase> <!-- @BeforeMethod run -->
  <testcase name="@BeforeMethod run" time="0.0" classname="dataDrivenFramework.dataDrivenFramework.ContactUsFormTest">
    <skipped/>
  </testcase> <!-- @BeforeMethod run -->
  <testcase name="@BeforeMethod run" time="0.0" classname="dataDrivenFramework.dataDrivenFramework.ContactUsFormTest">
    <skipped/>
  </testcase> <!-- @BeforeMethod run -->
  <testcase name="@BeforeMethod run" time="0.0" classname="dataDrivenFramework.dataDrivenFramework.ContactUsFormTest">
    <skipped/>
  </testcase> <!-- @BeforeMethod run -->
  <testcase name="@BeforeMethod run" time="0.0" classname="dataDrivenFramework.dataDrivenFramework.ContactUsFormTest">
    <skipped/>
  </testcase> <!-- @BeforeMethod run -->
  <testcase name="@BeforeMethod run" time="0.0" classname="dataDrivenFramework.dataDrivenFramework.ContactUsFormTest">
    <skipped/>
  </testcase> <!-- @BeforeMethod run -->
  <testcase name="@BeforeMethod run" time="0.0" classname="dataDrivenFramework.dataDrivenFramework.ContactUsFormTest">
    <skipped/>
  </testcase> <!-- @BeforeMethod run -->
  <testcase name="contactUs" time="0.0" classname="dataDrivenFramework.dataDrivenFramework.ContactUsFormTest">
    <skipped/>
  </testcase> <!-- contactUs -->
  <testcase name="contactUs" time="0.0" classname="dataDrivenFramework.dataDrivenFramework.ContactUsFormTest">
    <skipped/>
  </testcase> <!-- contactUs -->
  <testcase name="contactUs" time="0.0" classname="dataDrivenFramework.dataDrivenFramework.ContactUsFormTest">
    <skipped/>
  </testcase> <!-- contactUs -->
  <testcase name="contactUs" time="0.0" classname="dataDrivenFramework.dataDrivenFramework.ContactUsFormTest">
    <skipped/>
  </testcase> <!-- contactUs -->
  <testcase name="contactUs" time="0.0" classname="dataDrivenFramework.dataDrivenFramework.ContactUsFormTest">
    <skipped/>
  </testcase> <!-- contactUs -->
  <testcase name="contactUs" time="0.0" classname="dataDrivenFramework.dataDrivenFramework.ContactUsFormTest">
    <skipped/>
  </testcase> <!-- contactUs -->
  <testcase name="contactUs" time="0.0" classname="dataDrivenFramework.dataDrivenFramework.ContactUsFormTest">
    <skipped/>
  </testcase> <!-- contactUs -->
  <testcase name="contactUs" time="0.0" classname="dataDrivenFramework.dataDrivenFramework.ContactUsFormTest">
    <skipped/>
  </testcase> <!-- contactUs -->
  <testcase name="contactUs" time="0.0" classname="dataDrivenFramework.dataDrivenFramework.ContactUsFormTest">
    <skipped/>
  </testcase> <!-- contactUs -->
  <testcase name="contactUs" time="0.0" classname="dataDrivenFramework.dataDrivenFramework.ContactUsFormTest">
    <skipped/>
  </testcase> <!-- contactUs -->
  <testcase name="contactUs" time="0.0" classname="dataDrivenFramework.dataDrivenFramework.ContactUsFormTest">
    <skipped/>
  </testcase> <!-- contactUs -->
</testsuite> <!-- Default test -->
